        -:    0:Source:dominion.c
        -:    0:Graph:dominion.gcno
        -:    0:Data:dominion.gcda
        -:    0:Runs:24
        -:    0:Programs:8
        -:    1:#include "dominion.h"
        -:    2:#include "dominion_helpers.h"
        -:    3:#include "rngs.h"
        -:    4:#include <stdio.h>
        -:    5:#include <math.h>
        -:    6:#include <stdlib.h>
        -:    7:
function assert called 680 returned 100% blocks executed 100%
      680:    8:void assert(int check){
      680:    9:	if(check == 1){
branch  0 taken 78% (fallthrough)
branch  1 taken 22%
     1210:   10:		return;
        -:   11:	}
        -:   12:	else{
      150:   13:		printf("--------------Test case failed!\n");
call    0 returned 100%
        -:   14:	}
        -:   15:}
        -:   16:
function compare called 11700 returned 100% blocks executed 83%
    11700:   17:int compare(const void* a, const void* b) {
    11700:   18:  if (*(int*)a > *(int*)b)
branch  0 taken 0% (fallthrough)
branch  1 taken 100%
    #####:   19:    return 1;
    11700:   20:  if (*(int*)a < *(int*)b)
branch  0 taken 27% (fallthrough)
branch  1 taken 73%
     3104:   21:    return -1;
     8596:   22:  return 0;
        -:   23:}
        -:   24:
function newGame called 0 returned 0% blocks executed 0%
    #####:   25:struct gameState* newGame() {
    #####:   26:  struct gameState* g = malloc(sizeof(struct gameState));
    #####:   27:  return g;
        -:   28:}
        -:   29:
function kingdomCards called 0 returned 0% blocks executed 0%
    #####:   30:int* kingdomCards(int k1, int k2, int k3, int k4, int k5, int k6, int k7,
        -:   31:		  int k8, int k9, int k10) {
    #####:   32:  int* k = malloc(10 * sizeof(int));
    #####:   33:  k[0] = k1;
    #####:   34:  k[1] = k2;
    #####:   35:  k[2] = k3;
    #####:   36:  k[3] = k4;
    #####:   37:  k[4] = k5;
    #####:   38:  k[5] = k6;
    #####:   39:  k[6] = k7;
    #####:   40:  k[7] = k8;
    #####:   41:  k[8] = k9;
    #####:   42:  k[9] = k10;
    #####:   43:  return k;
        -:   44:}
        -:   45:
function initializeGame called 388 returned 100% blocks executed 88%
      388:   46:int initializeGame(int numPlayers, int kingdomCards[10], int randomSeed,
        -:   47:		   struct gameState *state) {
        -:   48:
        -:   49:  int i;
        -:   50:  int j;
        -:   51:  int it;			
        -:   52:  //set up random number generator
      388:   53:  SelectStream(1);
call    0 returned 100%
      388:   54:  PutSeed((long)randomSeed);
call    0 returned 100%
        -:   55:  
        -:   56:  //check number of players
      388:   57:  if (numPlayers > MAX_PLAYERS || numPlayers < 2)
branch  0 taken 100% (fallthrough)
branch  1 taken 0%
branch  2 taken 0% (fallthrough)
branch  3 taken 100%
        -:   58:    {
    #####:   59:      return -1;
        -:   60:    }
        -:   61:
        -:   62:  //set number of players
      388:   63:  state->numPlayers = numPlayers;
        -:   64:
        -:   65:  //check selected kingdom cards are different
     4268:   66:  for (i = 0; i < 10; i++)
branch  0 taken 91%
branch  1 taken 9% (fallthrough)
        -:   67:    {
    42680:   68:      for (j = 0; j < 10; j++)
branch  0 taken 91%
branch  1 taken 9% (fallthrough)
        -:   69:        {
    38800:   70:	  if (j != i && kingdomCards[j] == kingdomCards[i])
branch  0 taken 90% (fallthrough)
branch  1 taken 10%
branch  2 taken 0% (fallthrough)
branch  3 taken 100%
        -:   71:	    {
    #####:   72:	      return -1;
        -:   73:	    }
        -:   74:        }
        -:   75:    }
        -:   76:
        -:   77:
        -:   78:  //initialize supply
        -:   79:  ///////////////////////////////
        -:   80:
        -:   81:  //set number of Curse cards
      388:   82:  if (numPlayers == 2)
branch  0 taken 100% (fallthrough)
branch  1 taken 0%
        -:   83:    {
      388:   84:      state->supplyCount[curse] = 10;
        -:   85:    }
    #####:   86:  else if (numPlayers == 3)
branch  0 never executed
branch  1 never executed
        -:   87:    {
    #####:   88:      state->supplyCount[curse] = 20;
        -:   89:    }
        -:   90:  else
        -:   91:    {
    #####:   92:      state->supplyCount[curse] = 30;
        -:   93:    }
        -:   94:
        -:   95:  //set number of Victory cards
      388:   96:  if (numPlayers == 2)
branch  0 taken 100% (fallthrough)
branch  1 taken 0%
        -:   97:    {
      388:   98:      state->supplyCount[estate] = 8;
      388:   99:      state->supplyCount[duchy] = 8;
      388:  100:      state->supplyCount[province] = 8;
        -:  101:    }
        -:  102:  else
        -:  103:    {
    #####:  104:      state->supplyCount[estate] = 12;
    #####:  105:      state->supplyCount[duchy] = 12;
    #####:  106:      state->supplyCount[province] = 12;
        -:  107:    }
        -:  108:
        -:  109:  //set number of Treasure cards
      388:  110:  state->supplyCount[copper] = 60 - (7 * numPlayers);
      388:  111:  state->supplyCount[silver] = 40;
      388:  112:  state->supplyCount[gold] = 30;
        -:  113:
        -:  114:  //set number of Kingdom cards
     8148:  115:  for (i = adventurer; i <= treasure_map; i++)       	//loop all cards
branch  0 taken 95%
branch  1 taken 5% (fallthrough)
        -:  116:    {
    64020:  117:      for (j = 0; j < 10; j++)           		//loop chosen cards
branch  0 taken 94%
branch  1 taken 6% (fallthrough)
        -:  118:	{
    60140:  119:	  if (kingdomCards[j] == i)
branch  0 taken 6% (fallthrough)
branch  1 taken 94%
        -:  120:	    {
        -:  121:	      //check if card is a 'Victory' Kingdom card
     3880:  122:	      if (kingdomCards[j] == great_hall || kingdomCards[j] == gardens)
branch  0 taken 90% (fallthrough)
branch  1 taken 10%
branch  2 taken 11% (fallthrough)
branch  3 taken 89%
        -:  123:		{
     1552:  124:		  if (numPlayers == 2){ 
branch  0 taken 100% (fallthrough)
branch  1 taken 0%
      776:  125:		    state->supplyCount[i] = 8; 
        -:  126:		  }
    #####:  127:		  else{ state->supplyCount[i] = 12; }
        -:  128:		}
        -:  129:	      else
        -:  130:		{
     3104:  131:		  state->supplyCount[i] = 10;
        -:  132:		}
     3880:  133:	      break;
        -:  134:	    }
        -:  135:	  else    //card is not in the set choosen for the game
        -:  136:	    {
    56260:  137:	      state->supplyCount[i] = -1;
        -:  138:	    }
        -:  139:	}
        -:  140:
        -:  141:    }
        -:  142:
        -:  143:  ////////////////////////
        -:  144:  //supply intilization complete
        -:  145:
        -:  146:  //set player decks
     1164:  147:  for (i = 0; i < numPlayers; i++)
branch  0 taken 67%
branch  1 taken 33% (fallthrough)
        -:  148:    {
      776:  149:      state->deckCount[i] = 0;
     3104:  150:      for (j = 0; j < 3; j++)
branch  0 taken 75%
branch  1 taken 25% (fallthrough)
        -:  151:	{
     2328:  152:	  state->deck[i][j] = estate;
     2328:  153:	  state->deckCount[i]++;
        -:  154:	}
     6208:  155:      for (j = 3; j < 10; j++)
branch  0 taken 88%
branch  1 taken 13% (fallthrough)
        -:  156:	{
     5432:  157:	  state->deck[i][j] = copper;
     5432:  158:	  state->deckCount[i]++;		
        -:  159:	}
        -:  160:    }
        -:  161:
        -:  162:  //shuffle player decks
     1164:  163:  for (i = 0; i < numPlayers; i++)
branch  0 taken 67%
branch  1 taken 33% (fallthrough)
        -:  164:    {
      776:  165:      if ( shuffle(i, state) < 0 )
call    0 returned 100%
branch  1 taken 0% (fallthrough)
branch  2 taken 100%
        -:  166:	{
    #####:  167:	  return -1;
        -:  168:	}
        -:  169:    }
        -:  170:
        -:  171:  //draw player hands
     1164:  172:  for (i = 0; i < numPlayers; i++)
branch  0 taken 67%
branch  1 taken 33% (fallthrough)
        -:  173:    {  
        -:  174:      //initialize hand size to zero
      776:  175:      state->handCount[i] = 0;
      776:  176:      state->discardCount[i] = 0;
        -:  177:      //draw 5 cards
        -:  178:      // for (j = 0; j < 5; j++)
        -:  179:      //	{
        -:  180:      //	  drawCard(i, state);
        -:  181:      //	}
        -:  182:    }
        -:  183:  
        -:  184:  //set embargo tokens to 0 for all supply piles
    10864:  185:  for (i = 0; i <= treasure_map; i++)
branch  0 taken 96%
branch  1 taken 4% (fallthrough)
        -:  186:    {
    10476:  187:      state->embargoTokens[i] = 0;
        -:  188:    }
        -:  189:
        -:  190:  //initialize first player's turn
      388:  191:  state->outpostPlayed = 0;
      388:  192:  state->phase = 0;
      388:  193:  state->numActions = 1;
      388:  194:  state->numBuys = 1;
      388:  195:  state->playedCardCount = 0;
      388:  196:  state->whoseTurn = 0;
      388:  197:  state->handCount[state->whoseTurn] = 0;
        -:  198:  //int it; move to top
        -:  199:
        -:  200:  //Moved draw cards to here, only drawing at the start of a turn
     2328:  201:  for (it = 0; it < 5; it++){
branch  0 taken 83%
branch  1 taken 17% (fallthrough)
     1940:  202:    drawCard(state->whoseTurn, state);
call    0 returned 100%
        -:  203:  }
        -:  204:
      388:  205:  updateCoins(state->whoseTurn, state, 0);
call    0 returned 100%
        -:  206:
      388:  207:  return 0;
        -:  208:}
        -:  209:
function shuffle called 3872 returned 100% blocks executed 100%
     3872:  210:int shuffle(int player, struct gameState *state) {
        -:  211: 
        -:  212:
        -:  213:  int newDeck[MAX_DECK];
     3872:  214:  int newDeckPos = 0;
        -:  215:  int card;
        -:  216:  int i;
        -:  217:
     3872:  218:  if (state->deckCount[player] < 1)
branch  0 taken 80% (fallthrough)
branch  1 taken 20%
     3084:  219:    return -1;
      788:  220:  qsort ((void*)(state->deck[player]), state->deckCount[player], sizeof(int), compare); 
call    0 returned 100%
        -:  221:  /* SORT CARDS IN DECK TO ENSURE DETERMINISM! */
        -:  222:
     9396:  223:  while (state->deckCount[player] > 0) {
branch  0 taken 91%
branch  1 taken 9% (fallthrough)
     7820:  224:    card = floor(Random() * state->deckCount[player]);
call    0 returned 100%
     7820:  225:    newDeck[newDeckPos] = state->deck[player][card];
     7820:  226:    newDeckPos++;
    27286:  227:    for (i = card; i < state->deckCount[player]-1; i++) {
branch  0 taken 71%
branch  1 taken 29% (fallthrough)
    19466:  228:      state->deck[player][i] = state->deck[player][i+1];
        -:  229:    }
     7820:  230:    state->deckCount[player]--;
        -:  231:  }
     8608:  232:  for (i = 0; i < newDeckPos; i++) {
branch  0 taken 91%
branch  1 taken 9% (fallthrough)
     7820:  233:    state->deck[player][i] = newDeck[i];
     7820:  234:    state->deckCount[player]++;
        -:  235:  }
        -:  236:
      788:  237:  return 0;
        -:  238:}
        -:  239:
function playCard called 0 returned 0% blocks executed 0%
    #####:  240:int playCard(int handPos, int choice1, int choice2, int choice3, struct gameState *state) 
        -:  241:{	
        -:  242:  int card;
    #####:  243:  int coin_bonus = 0; 		//tracks coins gain from actions
        -:  244:
        -:  245:  //check if it is the right phase
    #####:  246:  if (state->phase != 0)
branch  0 never executed
branch  1 never executed
        -:  247:    {
    #####:  248:      return -1;
        -:  249:    }
        -:  250:	
        -:  251:  //check if player has enough actions
    #####:  252:  if ( state->numActions < 1 )
branch  0 never executed
branch  1 never executed
        -:  253:    {
    #####:  254:      return -1;
        -:  255:    }
        -:  256:	
        -:  257:  //get card played
    #####:  258:  card = handCard(handPos, state);
call    0 never executed
        -:  259:	
        -:  260:  //check if selected card is an action
    #####:  261:  if ( card < adventurer || card > treasure_map )
branch  0 never executed
branch  1 never executed
branch  2 never executed
branch  3 never executed
        -:  262:    {
    #####:  263:      return -1;
        -:  264:    }
        -:  265:	
        -:  266:  //play card
    #####:  267:  if ( cardEffect(card, choice1, choice2, choice3, state, handPos, &coin_bonus) < 0 )
call    0 never executed
branch  1 never executed
branch  2 never executed
        -:  268:    {
    #####:  269:      return -1;
        -:  270:    }
        -:  271:	
        -:  272:  //reduce number of actions
    #####:  273:  state->numActions--;
        -:  274:
        -:  275:  //update coins (Treasure cards may be added with card draws)
    #####:  276:  updateCoins(state->whoseTurn, state, coin_bonus);
call    0 never executed
        -:  277:	
    #####:  278:  return 0;
        -:  279:}
        -:  280:
function buyCard called 0 returned 0% blocks executed 0%
    #####:  281:int buyCard(int supplyPos, struct gameState *state) {
        -:  282:  int who;
        -:  283:  if (DEBUG){
        -:  284:    printf("Entering buyCard...\n");
        -:  285:  }
        -:  286:
        -:  287:  // I don't know what to do about the phase thing.
        -:  288:
    #####:  289:  who = state->whoseTurn;
        -:  290:
    #####:  291:  if (state->numBuys < 1){
branch  0 never executed
branch  1 never executed
        -:  292:    if (DEBUG)
        -:  293:      printf("You do not have any buys left\n");
    #####:  294:    return -1;
    #####:  295:  } else if (supplyCount(supplyPos, state) <1){
call    0 never executed
branch  1 never executed
branch  2 never executed
        -:  296:    if (DEBUG)
        -:  297:      printf("There are not any of that type of card left\n");
    #####:  298:    return -1;
    #####:  299:  } else if (state->coins < getCost(supplyPos)){
call    0 never executed
branch  1 never executed
branch  2 never executed
        -:  300:    if (DEBUG) 
        -:  301:      printf("You do not have enough money to buy that. You have %d coins.\n", state->coins);
    #####:  302:    return -1;
        -:  303:  } else {
    #####:  304:    state->phase=1;
        -:  305:    //state->supplyCount[supplyPos]--;
    #####:  306:    gainCard(supplyPos, state, 0, who); //card goes in discard, this might be wrong.. (2 means goes into hand, 0 goes into discard)
call    0 never executed
        -:  307:  
    #####:  308:    state->coins = (state->coins) - (getCost(supplyPos));
call    0 never executed
    #####:  309:    state->numBuys--;
        -:  310:    if (DEBUG)
        -:  311:      printf("You bought card number %d for %d coins. You now have %d buys and %d coins.\n", supplyPos, getCost(supplyPos), state->numBuys, state->coins);
        -:  312:  }
        -:  313:
        -:  314:  //state->discard[who][state->discardCount[who]] = supplyPos;
        -:  315:  //state->discardCount[who]++;
        -:  316:    
    #####:  317:  return 0;
        -:  318:}
        -:  319:
function numHandCards called 0 returned 0% blocks executed 0%
    #####:  320:int numHandCards(struct gameState *state) {
    #####:  321:  return state->handCount[ whoseTurn(state) ];
call    0 never executed
        -:  322:}
        -:  323:
function handCard called 0 returned 0% blocks executed 0%
    #####:  324:int handCard(int handPos, struct gameState *state) {
    #####:  325:  int currentPlayer = whoseTurn(state);
call    0 never executed
    #####:  326:  return state->hand[currentPlayer][handPos];
        -:  327:}
        -:  328:
function supplyCount called 376 returned 100% blocks executed 100%
      376:  329:int supplyCount(int card, struct gameState *state) {
      376:  330:  return state->supplyCount[card];
        -:  331:}
        -:  332:
function fullDeckCount called 188 returned 100% blocks executed 100%
      188:  333:int fullDeckCount(int player, int card, struct gameState *state) {
        -:  334:  int i;
      188:  335:  int count = 0;
        -:  336:
     2028:  337:  for (i = 0; i < state->deckCount[player]; i++)
branch  0 taken 91%
branch  1 taken 9% (fallthrough)
        -:  338:    {
     1840:  339:      if (state->deck[player][i] == card) count++;
branch  0 taken 2% (fallthrough)
branch  1 taken 98%
        -:  340:    }
        -:  341:
     2028:  342:  for (i = 0; i < state->handCount[player]; i++)
branch  0 taken 91%
branch  1 taken 9% (fallthrough)
        -:  343:    {
     1840:  344:      if (state->hand[player][i] == card) count++;
branch  0 taken 2% (fallthrough)
branch  1 taken 98%
        -:  345:    }
        -:  346:
     2028:  347:  for (i = 0; i < state->discardCount[player]; i++)
branch  0 taken 91%
branch  1 taken 9% (fallthrough)
        -:  348:    {
     1840:  349:      if (state->discard[player][i] == card) count++;
branch  0 taken 2% (fallthrough)
branch  1 taken 98%
        -:  350:    }
        -:  351:
      188:  352:  return count;
        -:  353:}
        -:  354:
function whoseTurn called 0 returned 0% blocks executed 0%
    #####:  355:int whoseTurn(struct gameState *state) {
    #####:  356:  return state->whoseTurn;
        -:  357:}
        -:  358:
function endTurn called 0 returned 0% blocks executed 0%
    #####:  359:int endTurn(struct gameState *state) {
        -:  360:  int k;
        -:  361:  int i;
    #####:  362:  int currentPlayer = whoseTurn(state);
call    0 never executed
        -:  363:  
        -:  364:  //Discard hand
    #####:  365:  for (i = 0; i < state->handCount[currentPlayer]; i++){
branch  0 never executed
branch  1 never executed
    #####:  366:    state->discard[currentPlayer][state->discardCount[currentPlayer]++] = state->hand[currentPlayer][i];//Discard
    #####:  367:    state->hand[currentPlayer][i] = -1;//Set card to -1
        -:  368:  }
    #####:  369:  state->handCount[currentPlayer] = 0;//Reset hand count
        -:  370:    
        -:  371:  //Code for determining the player
    #####:  372:  if (currentPlayer < (state->numPlayers - 1)){ 
branch  0 never executed
branch  1 never executed
    #####:  373:    state->whoseTurn = currentPlayer + 1;//Still safe to increment
        -:  374:  }
        -:  375:  else{
    #####:  376:    state->whoseTurn = 0;//Max player has been reached, loop back around to player 1
        -:  377:  }
        -:  378:
    #####:  379:  state->outpostPlayed = 0;
    #####:  380:  state->phase = 0;
    #####:  381:  state->numActions = 1;
    #####:  382:  state->coins = 0;
    #####:  383:  state->numBuys = 1;
    #####:  384:  state->playedCardCount = 0;
    #####:  385:  state->handCount[state->whoseTurn] = 0;
        -:  386:
        -:  387:  //int k; move to top
        -:  388:  //Next player draws hand
    #####:  389:  for (k = 0; k < 5; k++){
branch  0 never executed
branch  1 never executed
    #####:  390:    drawCard(state->whoseTurn, state);//Draw a card
call    0 never executed
        -:  391:  }
        -:  392:
        -:  393:  //Update money
    #####:  394:  updateCoins(state->whoseTurn, state , 0);
call    0 never executed
        -:  395:
    #####:  396:  return 0;
        -:  397:}
        -:  398:
function isGameOver called 0 returned 0% blocks executed 0%
    #####:  399:int isGameOver(struct gameState *state) {
        -:  400:  int i;
        -:  401:  int j;
        -:  402:	
        -:  403:  //if stack of Province cards is empty, the game ends
    #####:  404:  if (state->supplyCount[province] == 0)
branch  0 never executed
branch  1 never executed
        -:  405:    {
    #####:  406:      return 1;
        -:  407:    }
        -:  408:
        -:  409:  //if three supply pile are at 0, the game ends
    #####:  410:  j = 0;
    #####:  411:  for (i = 0; i < 25; i++)
branch  0 never executed
branch  1 never executed
        -:  412:    {
    #####:  413:      if (state->supplyCount[i] == 0)
branch  0 never executed
branch  1 never executed
        -:  414:	{
    #####:  415:	  j++;
        -:  416:	}
        -:  417:    }
    #####:  418:  if ( j >= 3)
branch  0 never executed
branch  1 never executed
        -:  419:    {
    #####:  420:      return 1;
        -:  421:    }
        -:  422:
    #####:  423:  return 0;
        -:  424:}
        -:  425:
function scoreFor called 36 returned 100% blocks executed 100%
       36:  426:int scoreFor (int player, struct gameState *state) {
        -:  427:
        -:  428:  int i;
       36:  429:  int score = 0;
        -:  430:  //score from hand
      396:  431:  for (i = 0; i < state->handCount[player]; i++)
branch  0 taken 91%
branch  1 taken 9% (fallthrough)
        -:  432:    {
      360:  433:      if (state->hand[player][i] == curse) { score = score - 1; };
branch  0 taken 17% (fallthrough)
branch  1 taken 83%
      360:  434:      if (state->hand[player][i] == estate) { score = score + 1; };
branch  0 taken 17% (fallthrough)
branch  1 taken 83%
      360:  435:      if (state->hand[player][i] == duchy) { score = score + 3; };
branch  0 taken 17% (fallthrough)
branch  1 taken 83%
      360:  436:      if (state->hand[player][i] == province) { score = score + 6; };
branch  0 taken 17% (fallthrough)
branch  1 taken 83%
      360:  437:      if (state->hand[player][i] == great_hall) { score = score + 1; };
branch  0 taken 17% (fallthrough)
branch  1 taken 83%
      360:  438:      if (state->hand[player][i] == gardens) { score = score + ( fullDeckCount(player, 0, state) / 10 ); };
branch  0 taken 17% (fallthrough)
branch  1 taken 83%
call    2 returned 100%
        -:  439:    }
        -:  440:
        -:  441:  //score from discard
      396:  442:  for (i = 0; i < state->discardCount[player]; i++)
branch  0 taken 91%
branch  1 taken 9% (fallthrough)
        -:  443:    {
      360:  444:      if (state->discard[player][i] == curse) { score = score - 1; };
branch  0 taken 17% (fallthrough)
branch  1 taken 83%
      360:  445:      if (state->discard[player][i] == estate) { score = score + 1; };
branch  0 taken 17% (fallthrough)
branch  1 taken 83%
      360:  446:      if (state->discard[player][i] == duchy) { score = score + 3; };
branch  0 taken 17% (fallthrough)
branch  1 taken 83%
      360:  447:      if (state->discard[player][i] == province) { score = score + 6; };
branch  0 taken 17% (fallthrough)
branch  1 taken 83%
      360:  448:      if (state->discard[player][i] == great_hall) { score = score + 1; };
branch  0 taken 17% (fallthrough)
branch  1 taken 83%
      360:  449:      if (state->discard[player][i] == gardens) { score = score + ( fullDeckCount(player, 0, state) / 10 ); };
branch  0 taken 17% (fallthrough)
branch  1 taken 83%
call    2 returned 100%
        -:  450:    }
        -:  451:
        -:  452:  //score from deck
      396:  453:  for (i = 0; i < state->discardCount[player]; i++)
branch  0 taken 91%
branch  1 taken 9% (fallthrough)
        -:  454:    {
      360:  455:      if (state->deck[player][i] == curse) { score = score - 1; };
branch  0 taken 17% (fallthrough)
branch  1 taken 83%
      360:  456:      if (state->deck[player][i] == estate) { score = score + 1; };
branch  0 taken 17% (fallthrough)
branch  1 taken 83%
      360:  457:      if (state->deck[player][i] == duchy) { score = score + 3; };
branch  0 taken 17% (fallthrough)
branch  1 taken 83%
      360:  458:      if (state->deck[player][i] == province) { score = score + 6; };
branch  0 taken 17% (fallthrough)
branch  1 taken 83%
      360:  459:      if (state->deck[player][i] == great_hall) { score = score + 1; };
branch  0 taken 17% (fallthrough)
branch  1 taken 83%
      360:  460:      if (state->deck[player][i] == gardens) { score = score + ( fullDeckCount(player, 0, state) / 10 ); };
branch  0 taken 17% (fallthrough)
branch  1 taken 83%
call    2 returned 100%
        -:  461:    }
        -:  462:
       36:  463:  return score;
        -:  464:}
        -:  465:
function getWinners called 0 returned 0% blocks executed 0%
    #####:  466:int getWinners(int players[MAX_PLAYERS], struct gameState *state) {
        -:  467:  int i;	
        -:  468:  int j;
        -:  469:  int highScore;
        -:  470:  int currentPlayer;
        -:  471:
        -:  472:  //get score for each player
    #####:  473:  for (i = 0; i < MAX_PLAYERS; i++)
branch  0 never executed
branch  1 never executed
        -:  474:    {
        -:  475:      //set unused player scores to -9999
    #####:  476:      if (i >= state->numPlayers)
branch  0 never executed
branch  1 never executed
        -:  477:	{
    #####:  478:	  players[i] = -9999;
        -:  479:	}
        -:  480:      else
        -:  481:	{
    #####:  482:	  players[i] = scoreFor (i, state);
call    0 never executed
        -:  483:	}
        -:  484:    }
        -:  485:
        -:  486:  //find highest score
    #####:  487:  j = 0;
    #####:  488:  for (i = 0; i < MAX_PLAYERS; i++)
branch  0 never executed
branch  1 never executed
        -:  489:    {
    #####:  490:      if (players[i] > players[j])
branch  0 never executed
branch  1 never executed
        -:  491:	{
    #####:  492:	  j = i;
        -:  493:	}
        -:  494:    }
    #####:  495:  highScore = players[j];
        -:  496:
        -:  497:  //add 1 to players who had less turns
    #####:  498:  currentPlayer = whoseTurn(state);
call    0 never executed
    #####:  499:  for (i = 0; i < MAX_PLAYERS; i++)
branch  0 never executed
branch  1 never executed
        -:  500:    {
    #####:  501:      if ( players[i] == highScore && i > currentPlayer )
branch  0 never executed
branch  1 never executed
branch  2 never executed
branch  3 never executed
        -:  502:	{
    #####:  503:	  players[i]++;
        -:  504:	}
        -:  505:    }
        -:  506:
        -:  507:  //find new highest score
    #####:  508:  j = 0;
    #####:  509:  for (i = 0; i < MAX_PLAYERS; i++)
branch  0 never executed
branch  1 never executed
        -:  510:    {
    #####:  511:      if ( players[i] > players[j] )
branch  0 never executed
branch  1 never executed
        -:  512:	{
    #####:  513:	  j = i;
        -:  514:	}
        -:  515:    }
    #####:  516:  highScore = players[j];
        -:  517:
        -:  518:  //set winners in array to 1 and rest to 0
    #####:  519:  for (i = 0; i < MAX_PLAYERS; i++)
branch  0 never executed
branch  1 never executed
        -:  520:    {
    #####:  521:      if ( players[i] == highScore )
branch  0 never executed
branch  1 never executed
        -:  522:	{
    #####:  523:	  players[i] = 1;
        -:  524:	}
        -:  525:      else
        -:  526:	{
    #####:  527:	  players[i] = 0;
        -:  528:	}
        -:  529:    }
        -:  530:
    #####:  531:  return 0;
        -:  532:}
        -:  533:
function drawCard called 3878 returned 100% blocks executed 100%
     3878:  534:int drawCard(int player, struct gameState *state)
        -:  535:{	int count;
        -:  536:  int deckCounter;
     3878:  537:  if (state->deckCount[player] <= 0){//Deck is empty
branch  0 taken 40% (fallthrough)
branch  1 taken 60%
        -:  538:    
        -:  539:    //Step 1 Shuffle the discard pile back into a deck
        -:  540:    int i;
        -:  541:    //Move discard to deck
     1608:  542:    for (i = 0; i < state->discardCount[player];i++){
branch  0 taken 4%
branch  1 taken 96% (fallthrough)
       60:  543:      state->deck[player][i] = state->discard[player][i];
       60:  544:      state->discard[player][i] = -1;
        -:  545:    }
        -:  546:
     1548:  547:    state->deckCount[player] = state->discardCount[player];
     1548:  548:    state->discardCount[player] = 0;//Reset discard
        -:  549:
        -:  550:    //Shufffle the deck
     1548:  551:    shuffle(player, state);//Shuffle the deck up and make it so that we can draw
call    0 returned 100%
        -:  552:   
        -:  553:    if (DEBUG){//Debug statements
        -:  554:      printf("Deck count now: %d\n", state->deckCount[player]);
        -:  555:    }
        -:  556:    
     1548:  557:    state->discardCount[player] = 0;
        -:  558:
        -:  559:    //Step 2 Draw Card
     1548:  560:    count = state->handCount[player];//Get current player's hand count
        -:  561:    
        -:  562:    if (DEBUG){//Debug statements
        -:  563:      printf("Current hand count: %d\n", count);
        -:  564:    }
        -:  565:    
     1548:  566:    deckCounter = state->deckCount[player];//Create a holder for the deck count
        -:  567:
     1548:  568:    if (deckCounter == 0)
branch  0 taken 99% (fallthrough)
branch  1 taken 1%
     1536:  569:      return -1;
        -:  570:
       12:  571:    state->hand[player][count] = state->deck[player][deckCounter - 1];//Add card to hand
       12:  572:    state->deckCount[player]--;
       12:  573:    state->handCount[player]++;//Increment hand count
        -:  574:  }
        -:  575:
        -:  576:  else{
     2330:  577:    int count = state->handCount[player];//Get current hand count for player
        -:  578:    int deckCounter;
        -:  579:    if (DEBUG){//Debug statements
        -:  580:      printf("Current hand count: %d\n", count);
        -:  581:    }
        -:  582:
     2330:  583:    deckCounter = state->deckCount[player];//Create holder for the deck count
     2330:  584:    state->hand[player][count] = state->deck[player][deckCounter - 1];//Add card to the hand
     2330:  585:    state->deckCount[player]--;
     2330:  586:    state->handCount[player]++;//Increment hand count
        -:  587:  }
        -:  588:
     2342:  589:  return 0;
        -:  590:}
        -:  591:
function getCost called 144 returned 100% blocks executed 27%
      144:  592:int getCost(int cardNumber)
        -:  593:{
      144:  594:  switch( cardNumber ) 
branch  0 taken 17%
branch  1 taken 0%
branch  2 taken 0%
branch  3 taken 0%
branch  4 taken 17%
branch  5 taken 17%
branch  6 taken 17%
branch  7 taken 0%
branch  8 taken 0%
branch  9 taken 0%
branch 10 taken 0%
branch 11 taken 17%
branch 12 taken 0%
branch 13 taken 0%
branch 14 taken 0%
branch 15 taken 0%
branch 16 taken 0%
branch 17 taken 0%
branch 18 taken 0%
branch 19 taken 0%
branch 20 taken 0%
branch 21 taken 0%
branch 22 taken 0%
branch 23 taken 0%
branch 24 taken 0%
branch 25 taken 0%
branch 26 taken 17%
branch 27 taken 0%
        -:  595:    {
        -:  596:    case curse:
       24:  597:      return 0;
        -:  598:    case estate:
    #####:  599:      return 2;
        -:  600:    case duchy:
    #####:  601:      return 5;
        -:  602:    case province:
    #####:  603:      return 8;
        -:  604:    case copper:
       24:  605:      return 0;
        -:  606:    case silver:
       24:  607:      return 3;
        -:  608:    case gold:
       24:  609:      return 6;
        -:  610:    case adventurer:
    #####:  611:      return 6;
        -:  612:    case council_room:
    #####:  613:      return 5;
        -:  614:    case feast:
    #####:  615:      return 4;
        -:  616:    case gardens:
    #####:  617:      return 4;
        -:  618:    case mine:
       24:  619:      return 5;
        -:  620:    case remodel:
    #####:  621:      return 4;
        -:  622:    case smithy:
    #####:  623:      return 4;
        -:  624:    case village:
    #####:  625:      return 3;
        -:  626:    case baron:
    #####:  627:      return 4;
        -:  628:    case great_hall:
    #####:  629:      return 3;
        -:  630:    case minion:
    #####:  631:      return 5;
        -:  632:    case steward:
    #####:  633:      return 3;
        -:  634:    case tribute:
    #####:  635:      return 5;
        -:  636:    case ambassador:
    #####:  637:      return 3;
        -:  638:    case cutpurse:
    #####:  639:      return 4;
        -:  640:    case embargo: 
    #####:  641:      return 2;
        -:  642:    case outpost:
    #####:  643:      return 5;
        -:  644:    case salvager:
    #####:  645:      return 4;
        -:  646:    case sea_hag:
    #####:  647:      return 4;
        -:  648:    case treasure_map:
       24:  649:      return 4;
        -:  650:    }
        -:  651:	
    #####:  652:  return -1;
        -:  653:}
        -:  654:
function run_smithy called 30 returned 100% blocks executed 100%
       30:  655:void run_smithy(int currentPlayer, struct gameState *state, int handPos){
        -:  656:      //+3 Cards
        -:  657:      int i;
      150:  658:      for (i = 0; i <= 3; i++) //bug added
branch  0 taken 80%
branch  1 taken 20% (fallthrough)
        -:  659:	{
      120:  660:	  drawCard(currentPlayer, state);
call    0 returned 100%
        -:  661:	}
        -:  662:			
        -:  663:      //discard card from hand
       30:  664:      discardCard(handPos, currentPlayer, state, 0);
call    0 returned 100%
       30:  665:      return;
        -:  666:}	
        -:  667:
function run_adventurer called 18 returned 100% blocks executed 100%
       18:  668:void run_adventurer(int drawntreasure, struct gameState *state, int currentPlayer, int cardDrawn, int *temphand){
       18:  669:     int z = 0;
     1704:  670:     while(drawntreasure<2){
branch  0 taken 99%
branch  1 taken 1% (fallthrough)
     1668:  671:	if (state->deckCount[currentPlayer] <1){//if the deck is empty we need to shuffle discard and add to deck
branch  0 taken 93% (fallthrough)
branch  1 taken 7%
     1548:  672:	  shuffle(currentPlayer, state);
call    0 returned 100%
        -:  673:	}
     1668:  674:	drawCard(currentPlayer, state);
call    0 returned 100%
     1668:  675:	cardDrawn = state->hand[currentPlayer][state->handCount[currentPlayer]-1];//top card of hand is most recently drawn card.
     1668:  676:	if (cardDrawn == copper || cardDrawn == silver || cardDrawn == gold)
branch  0 taken 98% (fallthrough)
branch  1 taken 2%
branch  2 taken 100% (fallthrough)
branch  3 taken 0%
branch  4 taken 0% (fallthrough)
branch  5 taken 100%
       36:  677:	  drawntreasure++;
        -:  678:	else{
     1632:  679:	  temphand[z]=cardDrawn;
     1632:  680:	  state->handCount[currentPlayer]--; //this should just remove the top card (the most recently drawn one).
     1632:  681:	  z++;
        -:  682:	}
        -:  683:      }
     1656:  684:      while(z-1>0){//bug added
branch  0 taken 99%
branch  1 taken 1% (fallthrough)
     1620:  685:	state->discard[currentPlayer][state->discardCount[currentPlayer]++]=temphand[z-1]; // discard all cards in play that have been drawn
     1620:  686:	z=z-1;
        -:  687:      }
       18:  688:      return;
        -:  689:}
        -:  690:
function run_council_room called 30 returned 100% blocks executed 100%
       30:  691:void run_council_room(int currentPlayer,struct gameState *state, int handPos){
        -:  692:	int i;	
        -:  693:      //+4 Cards
      150:  694:      for (i = 0; i < 4; i++)
branch  0 taken 80%
branch  1 taken 20% (fallthrough)
        -:  695:	{
      120:  696:	  drawCard(currentPlayer, state);
call    0 returned 100%
        -:  697:	}
        -:  698:			
        -:  699:      //+1 Buy
       30:  700:      state->numBuys++;
        -:  701:			
        -:  702:      //Each other player draws a card
       90:  703:      for (i = 0; i < state->numPlayers; i++) //bug added
branch  0 taken 67%
branch  1 taken 33% (fallthrough)
        -:  704:	{
       60:  705:	  if ( i != currentPlayer )
branch  0 taken 50% (fallthrough)
branch  1 taken 50%
        -:  706:	    {
       30:  707:	      drawCard(i, state);
call    0 returned 100%
        -:  708:	    }
        -:  709:	}
        -:  710:			
        -:  711:      //put played card in played card pile
       30:  712:      discardCard(handPos, currentPlayer, state, 0);		
call    0 returned 100%
       30:  713:	return;
        -:  714:}
        -:  715:
function run_feast called 0 returned 0% blocks executed 0%
    #####:  716:void run_feast(struct gameState *state, int currentPlayer, int *temphand, int choice1){
        -:  717:	int i;
        -:  718:	int x;
        -:  719:      //gain card with cost up to 5
        -:  720:      //Backup hand
    #####:  721:      for (i = 0; i <= state->handCount[currentPlayer]; i++){
branch  0 never executed
branch  1 never executed
    #####:  722:	temphand[i] = state->hand[currentPlayer][i];//Backup card
    #####:  723:	state->hand[currentPlayer][i] = -1;//Set to nothing
        -:  724:      }
        -:  725:      //Backup hand
        -:  726:
        -:  727:      //Update Coins for Buy
    #####:  728:      updateCoins(currentPlayer, state, 5);
call    0 never executed
    #####:  729:      x = 1;//Condition to loop on
    #####:  730:      while( x == 1) {//Buy one card
branch  0 never executed
branch  1 never executed
    #####:  731:	if (supplyCount(choice1, state) <= 0){
call    0 never executed
branch  1 never executed
branch  2 never executed
        -:  732:	  if (DEBUG)
        -:  733:	    printf("None of that card left, sorry!\n");
        -:  734:
        -:  735:	  if (DEBUG){
        -:  736:	    printf("Cards Left: %d\n", supplyCount(choice1, state));
        -:  737:	  }
        -:  738:	}
    #####:  739:	else if (state->coins < getCost(choice1)){
call    0 never executed
branch  1 never executed
branch  2 never executed
    #####:  740:	  printf("That card is too expensive!\n");
call    0 never executed
        -:  741:
        -:  742:	  if (DEBUG){
        -:  743:	    printf("Coins: %d < %d\n", state->coins, getCost(choice1));
        -:  744:	  }
        -:  745:	}
        -:  746:	else{
        -:  747:
        -:  748:	  if (DEBUG){
        -:  749:	    printf("Deck Count: %d\n", state->handCount[currentPlayer] + state->deckCount[currentPlayer] + state->discardCount[currentPlayer]);
        -:  750:	  }
        -:  751:
    #####:  752:	  gainCard(choice1, state, 0, currentPlayer);//Gain the card
call    0 never executed
    #####:  753:	  x = 0;//No more buying cards
        -:  754:
        -:  755:	  if (DEBUG){
        -:  756:	    printf("Deck Count: %d\n", state->handCount[currentPlayer] + state->deckCount[currentPlayer] + state->discardCount[currentPlayer]);
        -:  757:	  }
        -:  758:
        -:  759:	}
        -:  760:      }     
        -:  761:
        -:  762:      //Reset Hand
    #####:  763:      for (i = 0; i <= state->handCount[currentPlayer]; i++){
branch  0 never executed
branch  1 never executed
    #####:  764:	state->hand[currentPlayer][i] = temphand[i];
    #####:  765:	temphand[i] = -1;
        -:  766:      }
        -:  767:      //Reset Hand
    #####:  768:      return;
        -:  769:}
        -:  770:
function run_mine called 96 returned 100% blocks executed 90%
       96:  771:void run_mine(struct gameState *state, int currentPlayer, int choice1, int choice2, int handPos){
        -:  772:	int j;
        -:  773:	int i;
       96:  774:      j = state->hand[currentPlayer][choice1];  //store card we will trash
        -:  775:
       96:  776:      if (state->hand[currentPlayer][choice1] < copper || state->hand[currentPlayer][choice1] > gold)
branch  0 taken 75% (fallthrough)
branch  1 taken 25%
branch  2 taken 0% (fallthrough)
branch  3 taken 100%
        -:  777:	{
       24:  778:	  return -1;
        -:  779:	}
        -:  780:		
       72:  781:      if (choice2 > treasure_map || choice2 < curse)
branch  0 taken 100% (fallthrough)
branch  1 taken 0%
branch  2 taken 0% (fallthrough)
branch  3 taken 100%
        -:  782:	{
    #####:  783:	  return -1;
        -:  784:	}
        -:  785:
       72:  786:      if ( (getCost(state->hand[currentPlayer][choice1]) + 3) > getCost(choice2) )
call    0 returned 100%
call    1 returned 100%
branch  2 taken 78% (fallthrough)
branch  3 taken 22%
        -:  787:	{
       56:  788:	  return -1;
        -:  789:	}
        -:  790:
       16:  791:      gainCard(choice2, state, 1, currentPlayer);//bug added
call    0 returned 100%
        -:  792:
        -:  793:      //discard card from hand
       16:  794:      discardCard(handPos, currentPlayer, state, 0);
call    0 returned 100%
        -:  795:
        -:  796:      //discard trashed card
       16:  797:      for (i = 0; i < state->handCount[currentPlayer]; i++)
branch  0 taken 100%
branch  1 taken 0% (fallthrough)
        -:  798:	{
       16:  799:	  if (state->hand[currentPlayer][i] == j)
branch  0 taken 100% (fallthrough)
branch  1 taken 0%
        -:  800:	    {
       16:  801:	      discardCard(i, currentPlayer, state, 0);			
call    0 returned 100%
       16:  802:	      break;
        -:  803:	    }
        -:  804:	}
        -:  805:
       16:  806:	return;
        -:  807:}
        -:  808:
function cardEffect called 0 returned 0% blocks executed 0%
    #####:  809:int cardEffect(int card, int choice1, int choice2, int choice3, struct gameState *state, int handPos, int *bonus)
        -:  810:{
        -:  811:  int i;
        -:  812:  int j;
        -:  813:  int k;
        -:  814:  int x;
        -:  815:  int index;
    #####:  816:  int currentPlayer = whoseTurn(state);
call    0 never executed
    #####:  817:  int nextPlayer = currentPlayer + 1;
        -:  818:
    #####:  819:  int tributeRevealedCards[2] = {-1, -1};
        -:  820:  int temphand[MAX_HAND];// moved above the if statement
    #####:  821:  int drawntreasure=0;
        -:  822:  int cardDrawn;
    #####:  823:  int z = 0;// this is the counter for the temp hand
    #####:  824:  if (nextPlayer > (state->numPlayers - 1)){
branch  0 never executed
branch  1 never executed
    #####:  825:    nextPlayer = 0;
        -:  826:  }
        -:  827:  
        -:  828:	
        -:  829:  //uses switch to select card and perform actions
    #####:  830:  switch( card ) 
branch  0 never executed
branch  1 never executed
branch  2 never executed
branch  3 never executed
branch  4 never executed
branch  5 never executed
branch  6 never executed
branch  7 never executed
branch  8 never executed
branch  9 never executed
branch 10 never executed
branch 11 never executed
branch 12 never executed
branch 13 never executed
branch 14 never executed
branch 15 never executed
branch 16 never executed
branch 17 never executed
branch 18 never executed
branch 19 never executed
branch 20 never executed
        -:  831:    {
        -:  832:    case adventurer:
    #####:  833:    	run_adventurer(drawntreasure, state, currentPlayer, cardDrawn, temphand);
call    0 never executed
    #####:  834:     	return 0;
        -:  835:			
        -:  836:    case council_room:
    #####:  837:      	run_council_room(currentPlayer, state, handPos);
call    0 never executed
    #####:  838:     	return 0;
        -:  839:			
        -:  840:    case feast:
    #####:  841:    	run_feast(state, currentPlayer, temphand, choice1);
call    0 never executed
        -:  842:      			
    #####:  843:      return 0;
        -:  844:			
        -:  845:    case gardens:
    #####:  846:      return -1;
        -:  847:			
        -:  848:    case mine:
    #####:  849:	run_mine(state, currentPlayer, choice1, choice2, handPos);		
call    0 never executed
    #####:  850:      return 0;
        -:  851:			
        -:  852:    case remodel:
    #####:  853:      j = state->hand[currentPlayer][choice1];  //store card we will trash
        -:  854:
    #####:  855:      if ( (getCost(state->hand[currentPlayer][choice1]) + 2) > getCost(choice2) )
call    0 never executed
call    1 never executed
branch  2 never executed
branch  3 never executed
        -:  856:	{
    #####:  857:	  return -1;
        -:  858:	}
        -:  859:
    #####:  860:      gainCard(choice2, state, 0, currentPlayer);
call    0 never executed
        -:  861:
        -:  862:      //discard card from hand
    #####:  863:      discardCard(handPos, currentPlayer, state, 0);
call    0 never executed
        -:  864:
        -:  865:      //discard trashed card
    #####:  866:      for (i = 0; i < state->handCount[currentPlayer]; i++)
branch  0 never executed
branch  1 never executed
        -:  867:	{
    #####:  868:	  if (state->hand[currentPlayer][i] == j)
branch  0 never executed
branch  1 never executed
        -:  869:	    {
    #####:  870:	      discardCard(i, currentPlayer, state, 0);			
call    0 never executed
    #####:  871:	      break;
        -:  872:	    }
        -:  873:	}
        -:  874:
        -:  875:
    #####:  876:      return 0;
        -:  877:		
        -:  878:    case smithy:
    #####:  879:    	run_smithy(currentPlayer, state, handPos);
call    0 never executed
    #####:  880:	return 0;     
        -:  881:      
        -:  882:    case village:
        -:  883:      //+1 Card
    #####:  884:      drawCard(currentPlayer, state);
call    0 never executed
        -:  885:			
        -:  886:      //+2 Actions
    #####:  887:      state->numActions = state->numActions + 2;
        -:  888:			
        -:  889:      //discard played card from hand
    #####:  890:      discardCard(handPos, currentPlayer, state, 0);
call    0 never executed
    #####:  891:      return 0;
        -:  892:		
        -:  893:    case baron:
    #####:  894:      state->numBuys++;//Increase buys by 1!
    #####:  895:      if (choice1 > 0){//Boolean true or going to discard an estate
branch  0 never executed
branch  1 never executed
    #####:  896:	int p = 0;//Iterator for hand!
    #####:  897:	int card_not_discarded = 1;//Flag for discard set!
    #####:  898:	while(card_not_discarded){
branch  0 never executed
branch  1 never executed
    #####:  899:	  if (state->hand[currentPlayer][p] == estate){//Found an estate card!
branch  0 never executed
branch  1 never executed
    #####:  900:	    state->coins += 4;//Add 4 coins to the amount of coins
    #####:  901:	    state->discard[currentPlayer][state->discardCount[currentPlayer]] = state->hand[currentPlayer][p];
    #####:  902:	    state->discardCount[currentPlayer]++;
    #####:  903:	    for (;p < state->handCount[currentPlayer]; p++){
branch  0 never executed
branch  1 never executed
    #####:  904:	      state->hand[currentPlayer][p] = state->hand[currentPlayer][p+1];
        -:  905:	    }
    #####:  906:	    state->hand[currentPlayer][state->handCount[currentPlayer]] = -1;
    #####:  907:	    state->handCount[currentPlayer]--;
    #####:  908:	    card_not_discarded = 0;//Exit the loop
        -:  909:	  }
    #####:  910:	  else if (p > state->handCount[currentPlayer]){
branch  0 never executed
branch  1 never executed
        -:  911:	    if(DEBUG) {
        -:  912:	      printf("No estate cards in your hand, invalid choice\n");
        -:  913:	      printf("Must gain an estate if there are any\n");
        -:  914:	    }
    #####:  915:	    if (supplyCount(estate, state) > 0){
call    0 never executed
branch  1 never executed
branch  2 never executed
    #####:  916:	      gainCard(estate, state, 0, currentPlayer);
call    0 never executed
    #####:  917:	      state->supplyCount[estate]--;//Decrement estates
    #####:  918:	      if (supplyCount(estate, state) == 0){
call    0 never executed
branch  1 never executed
branch  2 never executed
    #####:  919:		isGameOver(state);
call    0 never executed
        -:  920:	      }
        -:  921:	    }
    #####:  922:	    card_not_discarded = 0;//Exit the loop
        -:  923:	  }
        -:  924:			    
        -:  925:	  else{
    #####:  926:	    p++;//Next card
        -:  927:	  }
        -:  928:	}
        -:  929:      }
        -:  930:			    
        -:  931:      else{
    #####:  932:	if (supplyCount(estate, state) > 0){
call    0 never executed
branch  1 never executed
branch  2 never executed
    #####:  933:	  gainCard(estate, state, 0, currentPlayer);//Gain an estate
call    0 never executed
    #####:  934:	  state->supplyCount[estate]--;//Decrement Estates
    #####:  935:	  if (supplyCount(estate, state) == 0){
call    0 never executed
branch  1 never executed
branch  2 never executed
    #####:  936:	    isGameOver(state);
call    0 never executed
        -:  937:	  }
        -:  938:	}
        -:  939:      }
        -:  940:	    
        -:  941:      
    #####:  942:      return 0;
        -:  943:		
        -:  944:    case great_hall:
        -:  945:      //+1 Card
    #####:  946:      drawCard(currentPlayer, state);
call    0 never executed
        -:  947:			
        -:  948:      //+1 Actions
    #####:  949:      state->numActions++;
        -:  950:			
        -:  951:      //discard card from hand
    #####:  952:      discardCard(handPos, currentPlayer, state, 0);
call    0 never executed
    #####:  953:      return 0;
        -:  954:		
        -:  955:    case minion:
        -:  956:      //+1 action
    #####:  957:      state->numActions++;
        -:  958:			
        -:  959:      //discard card from hand
    #####:  960:      discardCard(handPos, currentPlayer, state, 0);
call    0 never executed
        -:  961:			
    #####:  962:      if (choice1)		//+2 coins
branch  0 never executed
branch  1 never executed
        -:  963:	{
    #####:  964:	  state->coins = state->coins + 2;
        -:  965:	}
        -:  966:			
    #####:  967:      else if (choice2)		//discard hand, redraw 4, other players with 5+ cards discard hand and draw 4
branch  0 never executed
branch  1 never executed
        -:  968:	{
        -:  969:	  //discard hand
    #####:  970:	  while(numHandCards(state) > 0)
call    0 never executed
branch  1 never executed
branch  2 never executed
        -:  971:	    {
    #####:  972:	      discardCard(handPos, currentPlayer, state, 0);
call    0 never executed
        -:  973:	    }
        -:  974:				
        -:  975:	  //draw 4
    #####:  976:	  for (i = 0; i < 4; i++)
branch  0 never executed
branch  1 never executed
        -:  977:	    {
    #####:  978:	      drawCard(currentPlayer, state);
call    0 never executed
        -:  979:	    }
        -:  980:				
        -:  981:	  //other players discard hand and redraw if hand size > 4
    #####:  982:	  for (i = 0; i < state->numPlayers; i++)
branch  0 never executed
branch  1 never executed
        -:  983:	    {
    #####:  984:	      if (i != currentPlayer)
branch  0 never executed
branch  1 never executed
        -:  985:		{
    #####:  986:		  if ( state->handCount[i] > 4 )
branch  0 never executed
branch  1 never executed
        -:  987:		    {
        -:  988:		      //discard hand
    #####:  989:		      while( state->handCount[i] > 0 )
branch  0 never executed
branch  1 never executed
        -:  990:			{
    #####:  991:			  discardCard(handPos, i, state, 0);
call    0 never executed
        -:  992:			}
        -:  993:							
        -:  994:		      //draw 4
    #####:  995:		      for (j = 0; j < 4; j++)
branch  0 never executed
branch  1 never executed
        -:  996:			{
    #####:  997:			  drawCard(i, state);
call    0 never executed
        -:  998:			}
        -:  999:		    }
        -: 1000:		}
        -: 1001:	    }
        -: 1002:				
        -: 1003:	}
    #####: 1004:      return 0;
        -: 1005:		
        -: 1006:    case steward:
    #####: 1007:      if (choice1 == 1)
branch  0 never executed
branch  1 never executed
        -: 1008:	{
        -: 1009:	  //+2 cards
    #####: 1010:	  drawCard(currentPlayer, state);
call    0 never executed
    #####: 1011:	  drawCard(currentPlayer, state);
call    0 never executed
        -: 1012:	}
    #####: 1013:      else if (choice1 == 2)
branch  0 never executed
branch  1 never executed
        -: 1014:	{
        -: 1015:	  //+2 coins
    #####: 1016:	  state->coins = state->coins + 2;
        -: 1017:	}
        -: 1018:      else
        -: 1019:	{
        -: 1020:	  //trash 2 cards in hand
    #####: 1021:	  discardCard(choice2, currentPlayer, state, 1);
call    0 never executed
    #####: 1022:	  discardCard(choice3, currentPlayer, state, 1);
call    0 never executed
        -: 1023:	}
        -: 1024:			
        -: 1025:      //discard card from hand
    #####: 1026:      discardCard(handPos, currentPlayer, state, 0);
call    0 never executed
    #####: 1027:      return 0;
        -: 1028:		
        -: 1029:    case tribute:
    #####: 1030:      if ((state->discardCount[nextPlayer] + state->deckCount[nextPlayer]) <= 1){
branch  0 never executed
branch  1 never executed
    #####: 1031:	if (state->deckCount[nextPlayer] > 0){
branch  0 never executed
branch  1 never executed
    #####: 1032:	  tributeRevealedCards[0] = state->deck[nextPlayer][state->deckCount[nextPlayer]-1];
    #####: 1033:	  state->deckCount[nextPlayer]--;
        -: 1034:	}
    #####: 1035:	else if (state->discardCount[nextPlayer] > 0){
branch  0 never executed
branch  1 never executed
    #####: 1036:	  tributeRevealedCards[0] = state->discard[nextPlayer][state->discardCount[nextPlayer]-1];
    #####: 1037:	  state->discardCount[nextPlayer]--;
        -: 1038:	}
        -: 1039:	else{
        -: 1040:	  //No Card to Reveal
        -: 1041:	  if (DEBUG){
        -: 1042:	    printf("No cards to reveal\n");
        -: 1043:	  }
        -: 1044:	}
        -: 1045:      }
        -: 1046:	    
        -: 1047:      else{
    #####: 1048:	if (state->deckCount[nextPlayer] == 0){
branch  0 never executed
branch  1 never executed
    #####: 1049:	  for (i = 0; i < state->discardCount[nextPlayer]; i++){
branch  0 never executed
branch  1 never executed
    #####: 1050:	    state->deck[nextPlayer][i] = state->discard[nextPlayer][i];//Move to deck
    #####: 1051:	    state->deckCount[nextPlayer]++;
    #####: 1052:	    state->discard[nextPlayer][i] = -1;
    #####: 1053:	    state->discardCount[nextPlayer]--;
        -: 1054:	  }
        -: 1055:			    
    #####: 1056:	  shuffle(nextPlayer,state);//Shuffle the deck
call    0 never executed
        -: 1057:	} 
    #####: 1058:	tributeRevealedCards[0] = state->deck[nextPlayer][state->deckCount[nextPlayer]-1];
    #####: 1059:	state->deck[nextPlayer][state->deckCount[nextPlayer]--] = -1;
    #####: 1060:	state->deckCount[nextPlayer]--;
    #####: 1061:	tributeRevealedCards[1] = state->deck[nextPlayer][state->deckCount[nextPlayer]-1];
    #####: 1062:	state->deck[nextPlayer][state->deckCount[nextPlayer]--] = -1;
    #####: 1063:	state->deckCount[nextPlayer]--;
        -: 1064:      }    
        -: 1065:		       
    #####: 1066:      if (tributeRevealedCards[0] == tributeRevealedCards[1]){//If we have a duplicate card, just drop one 
branch  0 never executed
branch  1 never executed
    #####: 1067:	state->playedCards[state->playedCardCount] = tributeRevealedCards[1];
    #####: 1068:	state->playedCardCount++;
    #####: 1069:	tributeRevealedCards[1] = -1;
        -: 1070:      }
        -: 1071:
    #####: 1072:      for (i = 0; i <= 2; i ++){
branch  0 never executed
branch  1 never executed
    #####: 1073:	if (tributeRevealedCards[i] == copper || tributeRevealedCards[i] == silver || tributeRevealedCards[i] == gold){//Treasure cards
branch  0 never executed
branch  1 never executed
branch  2 never executed
branch  3 never executed
branch  4 never executed
branch  5 never executed
    #####: 1074:	  state->coins += 2;
        -: 1075:	}
        -: 1076:		    
    #####: 1077:	else if (tributeRevealedCards[i] == estate || tributeRevealedCards[i] == duchy || tributeRevealedCards[i] == province || tributeRevealedCards[i] == gardens || tributeRevealedCards[i] == great_hall){//Victory Card Found
branch  0 never executed
branch  1 never executed
branch  2 never executed
branch  3 never executed
branch  4 never executed
branch  5 never executed
branch  6 never executed
branch  7 never executed
branch  8 never executed
branch  9 never executed
    #####: 1078:	  drawCard(currentPlayer, state);
call    0 never executed
    #####: 1079:	  drawCard(currentPlayer, state);
call    0 never executed
        -: 1080:	}
        -: 1081:	else{//Action Card
    #####: 1082:	  state->numActions = state->numActions + 2;
        -: 1083:	}
        -: 1084:      }
        -: 1085:	    
    #####: 1086:      return 0;
        -: 1087:		
        -: 1088:    case ambassador:
    #####: 1089:      j = 0;		//used to check if player has enough cards to discard
        -: 1090:
    #####: 1091:      if (choice2 > 2 || choice2 < 0)
branch  0 never executed
branch  1 never executed
branch  2 never executed
branch  3 never executed
        -: 1092:	{
    #####: 1093:	  return -1;				
        -: 1094:	}
        -: 1095:
    #####: 1096:      if (choice1 == handPos)
branch  0 never executed
branch  1 never executed
        -: 1097:	{
    #####: 1098:	  return -1;
        -: 1099:	}
        -: 1100:
    #####: 1101:      for (i = 0; i < state->handCount[currentPlayer]; i++)
branch  0 never executed
branch  1 never executed
        -: 1102:	{
    #####: 1103:	  if (i != handPos && i == state->hand[currentPlayer][choice1] && i != choice1)
branch  0 never executed
branch  1 never executed
branch  2 never executed
branch  3 never executed
branch  4 never executed
branch  5 never executed
        -: 1104:	    {
    #####: 1105:	      j++;
        -: 1106:	    }
        -: 1107:	}
    #####: 1108:      if (j < choice2)
branch  0 never executed
branch  1 never executed
        -: 1109:	{
    #####: 1110:	  return -1;				
        -: 1111:	}
        -: 1112:
        -: 1113:      if (DEBUG) 
        -: 1114:	printf("Player %d reveals card number: %d\n", currentPlayer, state->hand[currentPlayer][choice1]);
        -: 1115:
        -: 1116:      //increase supply count for choosen card by amount being discarded
    #####: 1117:      state->supplyCount[state->hand[currentPlayer][choice1]] += choice2;
        -: 1118:			
        -: 1119:      //each other player gains a copy of revealed card
    #####: 1120:      for (i = 0; i < state->numPlayers; i++)
branch  0 never executed
branch  1 never executed
        -: 1121:	{
    #####: 1122:	  if (i != currentPlayer)
branch  0 never executed
branch  1 never executed
        -: 1123:	    {
    #####: 1124:	      gainCard(state->hand[currentPlayer][choice1], state, 0, i);
call    0 never executed
        -: 1125:	    }
        -: 1126:	}
        -: 1127:
        -: 1128:      //discard played card from hand
    #####: 1129:      discardCard(handPos, currentPlayer, state, 0);			
call    0 never executed
        -: 1130:
        -: 1131:      //trash copies of cards returned to supply
    #####: 1132:      for (j = 0; j < choice2; j++)
branch  0 never executed
branch  1 never executed
        -: 1133:	{
    #####: 1134:	  for (i = 0; i < state->handCount[currentPlayer]; i++)
branch  0 never executed
branch  1 never executed
        -: 1135:	    {
    #####: 1136:	      if (state->hand[currentPlayer][i] == state->hand[currentPlayer][choice1])
branch  0 never executed
branch  1 never executed
        -: 1137:		{
    #####: 1138:		  discardCard(i, currentPlayer, state, 1);
call    0 never executed
    #####: 1139:		  break;
        -: 1140:		}
        -: 1141:	    }
        -: 1142:	}			
        -: 1143:
    #####: 1144:      return 0;
        -: 1145:		
        -: 1146:    case cutpurse:
        -: 1147:
    #####: 1148:      updateCoins(currentPlayer, state, 2);
call    0 never executed
    #####: 1149:      for (i = 0; i < state->numPlayers; i++)
branch  0 never executed
branch  1 never executed
        -: 1150:	{
    #####: 1151:	  if (i != currentPlayer)
branch  0 never executed
branch  1 never executed
        -: 1152:	    {
    #####: 1153:	      for (j = 0; j < state->handCount[i]; j++)
branch  0 never executed
branch  1 never executed
        -: 1154:		{
    #####: 1155:		  if (state->hand[i][j] == copper)
branch  0 never executed
branch  1 never executed
        -: 1156:		    {
    #####: 1157:		      discardCard(j, i, state, 0);
call    0 never executed
    #####: 1158:		      break;
        -: 1159:		    }
    #####: 1160:		  if (j == state->handCount[i])
branch  0 never executed
branch  1 never executed
        -: 1161:		    {
    #####: 1162:		      for (k = 0; k < state->handCount[i]; k++)
branch  0 never executed
branch  1 never executed
        -: 1163:			{
        -: 1164:			  if (DEBUG)
        -: 1165:			    printf("Player %d reveals card number %d\n", i, state->hand[i][k]);
        -: 1166:			}	
    #####: 1167:		      break;
        -: 1168:		    }		
        -: 1169:		}
        -: 1170:					
        -: 1171:	    }
        -: 1172:				
        -: 1173:	}				
        -: 1174:
        -: 1175:      //discard played card from hand
    #####: 1176:      discardCard(handPos, currentPlayer, state, 0);			
call    0 never executed
        -: 1177:
    #####: 1178:      return 0;
        -: 1179:
        -: 1180:		
        -: 1181:    case embargo: 
        -: 1182:      //+2 Coins
    #####: 1183:      state->coins = state->coins + 2;
        -: 1184:			
        -: 1185:      //see if selected pile is in play
    #####: 1186:      if ( state->supplyCount[choice1] == -1 )
branch  0 never executed
branch  1 never executed
        -: 1187:	{
    #####: 1188:	  return -1;
        -: 1189:	}
        -: 1190:			
        -: 1191:      //add embargo token to selected supply pile
    #####: 1192:      state->embargoTokens[choice1]++;
        -: 1193:			
        -: 1194:      //trash card
    #####: 1195:      discardCard(handPos, currentPlayer, state, 1);		
call    0 never executed
    #####: 1196:      return 0;
        -: 1197:		
        -: 1198:    case outpost:
        -: 1199:      //set outpost flag
    #####: 1200:      state->outpostPlayed++;
        -: 1201:			
        -: 1202:      //discard card
    #####: 1203:      discardCard(handPos, currentPlayer, state, 0);
call    0 never executed
    #####: 1204:      return 0;
        -: 1205:		
        -: 1206:    case salvager:
        -: 1207:      //+1 buy
    #####: 1208:      state->numBuys++;
        -: 1209:			
    #####: 1210:      if (choice1)
branch  0 never executed
branch  1 never executed
        -: 1211:	{
        -: 1212:	  //gain coins equal to trashed card
    #####: 1213:	  state->coins = state->coins + getCost( handCard(choice1, state) );
call    0 never executed
call    1 never executed
        -: 1214:	  //trash card
    #####: 1215:	  discardCard(choice1, currentPlayer, state, 1);	
call    0 never executed
        -: 1216:	}
        -: 1217:			
        -: 1218:      //discard card
    #####: 1219:      discardCard(handPos, currentPlayer, state, 0);
call    0 never executed
    #####: 1220:      return 0;
        -: 1221:		
        -: 1222:    case sea_hag:
    #####: 1223:      for (i = 0; i < state->numPlayers; i++){
branch  0 never executed
branch  1 never executed
    #####: 1224:	if (i != currentPlayer){
branch  0 never executed
branch  1 never executed
    #####: 1225:	  state->discard[i][state->discardCount[i]] = state->deck[i][state->deckCount[i]--];			    state->deckCount[i]--;
    #####: 1226:	  state->discardCount[i]++;
    #####: 1227:	  state->deck[i][state->deckCount[i]--] = curse;//Top card now a curse
        -: 1228:	}
        -: 1229:      }
    #####: 1230:      return 0;
        -: 1231:		
        -: 1232:    case treasure_map:
        -: 1233:      //search hand for another treasure_map
    #####: 1234:      index = -1;
    #####: 1235:      for (i = 0; i < state->handCount[currentPlayer]; i++)
branch  0 never executed
branch  1 never executed
        -: 1236:	{
    #####: 1237:	  if (state->hand[currentPlayer][i] == treasure_map && i != handPos)
branch  0 never executed
branch  1 never executed
branch  2 never executed
branch  3 never executed
        -: 1238:	    {
    #####: 1239:	      index = i;
    #####: 1240:	      break;
        -: 1241:	    }
        -: 1242:	}
    #####: 1243:      if (index > -1)
branch  0 never executed
branch  1 never executed
        -: 1244:	{
        -: 1245:	  //trash both treasure cards
    #####: 1246:	  discardCard(handPos, currentPlayer, state, 1);
call    0 never executed
    #####: 1247:	  discardCard(index, currentPlayer, state, 1);
call    0 never executed
        -: 1248:
        -: 1249:	  //gain 4 Gold cards
    #####: 1250:	  for (i = 0; i < 4; i++)
branch  0 never executed
branch  1 never executed
        -: 1251:	    {
    #####: 1252:	      gainCard(gold, state, 1, currentPlayer);
call    0 never executed
        -: 1253:	    }
        -: 1254:				
        -: 1255:	  //return success
    #####: 1256:	  return 1;
        -: 1257:	}
        -: 1258:			
        -: 1259:      //no second treasure_map found in hand
    #####: 1260:      return -1;
        -: 1261:    }
        -: 1262:	
    #####: 1263:  return -1;
        -: 1264:}
        -: 1265:
function discardCard called 164 returned 100% blocks executed 89%
      164: 1266:int discardCard(int handPos, int currentPlayer, struct gameState *state, int trashFlag)
        -: 1267:{
        -: 1268:	
        -: 1269:  //if card is not trashed, added to Played pile 
      164: 1270:  if (trashFlag < 1)
branch  0 taken 78% (fallthrough)
branch  1 taken 22%
        -: 1271:    {
        -: 1272:      //add card to played pile
      128: 1273:      state->playedCards[state->playedCardCount] = state->hand[currentPlayer][handPos]; 
      128: 1274:      state->playedCardCount++;
        -: 1275:    }
        -: 1276:	
        -: 1277:  //set played card to -1
      164: 1278:  state->hand[currentPlayer][handPos] = -1;
        -: 1279:	
        -: 1280:  //remove card from player's hand
      164: 1281:  if ( handPos == (state->handCount[currentPlayer] - 1) ) 	//last card in hand array is played
branch  0 taken 24% (fallthrough)
branch  1 taken 76%
        -: 1282:    {
        -: 1283:      //reduce number of cards in hand
       40: 1284:      state->handCount[currentPlayer]--;
        -: 1285:    }
      124: 1286:  else if ( state->handCount[currentPlayer] == 1 ) //only one card in hand
branch  0 taken 0% (fallthrough)
branch  1 taken 100%
        -: 1287:    {
        -: 1288:      //reduce number of cards in hand
    #####: 1289:      state->handCount[currentPlayer]--;
        -: 1290:    }
        -: 1291:  else 	
        -: 1292:    {
        -: 1293:      //replace discarded card with last card in hand
      124: 1294:      state->hand[currentPlayer][handPos] = state->hand[currentPlayer][ (state->handCount[currentPlayer] - 1)];
        -: 1295:      //set last card to -1
      124: 1296:      state->hand[currentPlayer][state->handCount[currentPlayer] - 1] = -1;
        -: 1297:      //reduce number of cards in hand
      124: 1298:      state->handCount[currentPlayer]--;
        -: 1299:    }
        -: 1300:	
      164: 1301:  return 0;
        -: 1302:}
        -: 1303:
function gainCard called 376 returned 100% blocks executed 100%
      376: 1304:int gainCard(int supplyPos, struct gameState *state, int toFlag, int player)
        -: 1305:{
        -: 1306:  //Note: supplyPos is enum of choosen card
        -: 1307:	
        -: 1308:  //check if supply pile is empty (0) or card is not used in game (-1)
      376: 1309:  if ( supplyCount(supplyPos, state) < 1 )
call    0 returned 100%
branch  1 taken 50% (fallthrough)
branch  2 taken 50%
        -: 1310:    {
      188: 1311:      return -1;
        -: 1312:    }
        -: 1313:	
        -: 1314:  //added card for [whoseTurn] current player:
        -: 1315:  // toFlag = 0 : add to discard
        -: 1316:  // toFlag = 1 : add to deck
        -: 1317:  // toFlag = 2 : add to hand
        -: 1318:
      188: 1319:  if (toFlag == 1)
branch  0 taken 36% (fallthrough)
branch  1 taken 64%
        -: 1320:    {
       68: 1321:      state->deck[ player ][ state->deckCount[player] ] = supplyPos;
       68: 1322:      state->deckCount[player]++;
        -: 1323:    }
      120: 1324:  else if (toFlag == 2)
branch  0 taken 50% (fallthrough)
branch  1 taken 50%
        -: 1325:    {
       60: 1326:      state->hand[ player ][ state->handCount[player] ] = supplyPos;
       60: 1327:      state->handCount[player]++;
        -: 1328:    }
        -: 1329:  else
        -: 1330:    {
       60: 1331:      state->discard[player][ state->discardCount[player] ] = supplyPos;
       60: 1332:      state->discardCount[player]++;
        -: 1333:    }
        -: 1334:	
        -: 1335:  //decrease number in supply pile
      188: 1336:  state->supplyCount[supplyPos]--;
        -: 1337:	 
      188: 1338:  return 0;
        -: 1339:}
        -: 1340:
function updateCoins called 388 returned 100% blocks executed 82%
      388: 1341:int updateCoins(int player, struct gameState *state, int bonus)
        -: 1342:{
        -: 1343:  int i;
        -: 1344:	
        -: 1345:  //reset coin count
      388: 1346:  state->coins = 0;
        -: 1347:
        -: 1348:  //add coins for each Treasure card in player's hand
     2328: 1349:  for (i = 0; i < state->handCount[player]; i++)
branch  0 taken 83%
branch  1 taken 17% (fallthrough)
        -: 1350:    {
     1940: 1351:      if (state->hand[player][i] == copper)
branch  0 taken 80% (fallthrough)
branch  1 taken 20%
        -: 1352:	{
     1552: 1353:	  state->coins += 1;
        -: 1354:	}
      388: 1355:      else if (state->hand[player][i] == silver)
branch  0 taken 0% (fallthrough)
branch  1 taken 100%
        -: 1356:	{
    #####: 1357:	  state->coins += 2;
        -: 1358:	}
      388: 1359:      else if (state->hand[player][i] == gold)
branch  0 taken 0% (fallthrough)
branch  1 taken 100%
        -: 1360:	{
    #####: 1361:	  state->coins += 3;
        -: 1362:	}	
        -: 1363:    }	
        -: 1364:
        -: 1365:  //add bonus
      388: 1366:  state->coins += bonus;
        -: 1367:
      388: 1368:  return 0;
        -: 1369:}
        -: 1370:
        -: 1371:
        -: 1372://end of dominion.c
        -: 1373:
